Compiling the C compiler identification source file "CMakeCCompilerId.c" failed.
Compiler: C:/VSARM/mingw/mingw32/bin/gcc.exe 
Build flags: ;-mcpu=cortex-m0plus;-mthumb
Id flags:  

The output was:
1
gcc.exe: warning: '-mcpu=' is deprecated; use '-mtune=' or '-march=' instead
gcc.exe: error: unrecognized command line option '-mthumb'; did you mean '-mtbm'?


Compiling the C compiler identification source file "CMakeCCompilerId.c" failed.
Compiler: C:/VSARM/mingw/mingw32/bin/gcc.exe 
Build flags: ;-mcpu=cortex-m0plus;-mthumb
Id flags: -c 

The output was:
1
gcc.exe: warning: '-mcpu=' is deprecated; use '-mtune=' or '-march=' instead
gcc.exe: error: unrecognized command line option '-mthumb'; did you mean '-mtbm'?


Compiling the C compiler identification source file "CMakeCCompilerId.c" failed.
Compiler: C:/VSARM/mingw/mingw32/bin/gcc.exe 
Build flags: ;-mcpu=cortex-m0plus;-mthumb
Id flags: -Aa 

The output was:
1
gcc.exe: warning: '-mcpu=' is deprecated; use '-mtune=' or '-march=' instead
gcc.exe: error: unrecognized command line option '-mthumb'; did you mean '-mtbm'?


Compiling the C compiler identification source file "CMakeCCompilerId.c" failed.
Compiler: C:/VSARM/mingw/mingw32/bin/gcc.exe 
Build flags: ;-mcpu=cortex-m0plus;-mthumb
Id flags: -D__CLASSIC_C__ 

The output was:
1
gcc.exe: warning: '-mcpu=' is deprecated; use '-mtune=' or '-march=' instead
gcc.exe: error: unrecognized command line option '-mthumb'; did you mean '-mtbm'?


Compiling the C compiler identification source file "CMakeCCompilerId.c" failed.
Compiler: C:/VSARM/mingw/mingw32/bin/gcc.exe 
Build flags: ;-mcpu=cortex-m0plus;-mthumb
Id flags: --target=arm-arm-none-eabi;-mcpu=cortex-m3 

The output was:
1
gcc.exe: warning: '-mcpu=' is deprecated; use '-mtune=' or '-march=' instead
gcc.exe: warning: '-mcpu=' is deprecated; use '-mtune=' or '-march=' instead
gcc.exe: error: unrecognized command line option '-mthumb'; did you mean '-mtbm'?
gcc.exe: error: unrecognized command line option '--target=arm-arm-none-eabi'


Compiling the C compiler identification source file "CMakeCCompilerId.c" failed.
Compiler: C:/VSARM/mingw/mingw32/bin/gcc.exe 
Build flags: ;-mcpu=cortex-m0plus;-mthumb
Id flags: -c;-I__does_not_exist__ 

The output was:
1
gcc.exe: warning: '-mcpu=' is deprecated; use '-mtune=' or '-march=' instead
gcc.exe: error: unrecognized command line option '-mthumb'; did you mean '-mtbm'?


Compiling the CXX compiler identification source file "CMakeCXXCompilerId.cpp" failed.
Compiler: C:/VSARM/mingw/mingw32/bin/g++.exe 
Build flags: ;-mcpu=cortex-m0plus;-mthumb
Id flags:  

The output was:
1
g++.exe: warning: '-mcpu=' is deprecated; use '-mtune=' or '-march=' instead
g++.exe: error: unrecognized command line option '-mthumb'; did you mean '-mtbm'?


Compiling the CXX compiler identification source file "CMakeCXXCompilerId.cpp" failed.
Compiler: C:/VSARM/mingw/mingw32/bin/g++.exe 
Build flags: ;-mcpu=cortex-m0plus;-mthumb
Id flags: -c 

The output was:
1
g++.exe: warning: '-mcpu=' is deprecated; use '-mtune=' or '-march=' instead
g++.exe: error: unrecognized command line option '-mthumb'; did you mean '-mtbm'?


Compiling the CXX compiler identification source file "CMakeCXXCompilerId.cpp" failed.
Compiler: C:/VSARM/mingw/mingw32/bin/g++.exe 
Build flags: ;-mcpu=cortex-m0plus;-mthumb
Id flags: --c++ 

The output was:
1
g++.exe: warning: '-mcpu=' is deprecated; use '-mtune=' or '-march=' instead
g++.exe: error: unrecognized command line option '-mthumb'; did you mean '-mtbm'?
g++.exe: error: unrecognized command line option '--c++'


Compiling the CXX compiler identification source file "CMakeCXXCompilerId.cpp" failed.
Compiler: C:/VSARM/mingw/mingw32/bin/g++.exe 
Build flags: ;-mcpu=cortex-m0plus;-mthumb
Id flags: --ec++ 

The output was:
1
g++.exe: warning: '-mcpu=' is deprecated; use '-mtune=' or '-march=' instead
g++.exe: error: unrecognized command line option '-mthumb'; did you mean '-mtbm'?
g++.exe: error: unrecognized command line option '--ec++'; did you mean '-Weffc++'?


Compiling the CXX compiler identification source file "CMakeCXXCompilerId.cpp" failed.
Compiler: C:/VSARM/mingw/mingw32/bin/g++.exe 
Build flags: ;-mcpu=cortex-m0plus;-mthumb
Id flags: --target=arm-arm-none-eabi;-mcpu=cortex-m3 

The output was:
1
g++.exe: warning: '-mcpu=' is deprecated; use '-mtune=' or '-march=' instead
g++.exe: warning: '-mcpu=' is deprecated; use '-mtune=' or '-march=' instead
g++.exe: error: unrecognized command line option '-mthumb'; did you mean '-mtbm'?
g++.exe: error: unrecognized command line option '--target=arm-arm-none-eabi'


Compiling the CXX compiler identification source file "CMakeCXXCompilerId.cpp" failed.
Compiler: C:/VSARM/mingw/mingw32/bin/g++.exe 
Build flags: ;-mcpu=cortex-m0plus;-mthumb
Id flags: -c;-I__does_not_exist__ 

The output was:
1
g++.exe: warning: '-mcpu=' is deprecated; use '-mtune=' or '-march=' instead
g++.exe: error: unrecognized command line option '-mthumb'; did you mean '-mtbm'?


